Started GET "/" for ::1 at 2020-04-19 19:04:26 +1000
Processing by Rails::WelcomeController#index as HTML
  Rendering /home/luca/.rvm/gems/ruby-2.5.7/gems/railties-5.1.7/lib/rails/templates/rails/welcome/index.html.erb
  Rendered /home/luca/.rvm/gems/ruby-2.5.7/gems/railties-5.1.7/lib/rails/templates/rails/welcome/index.html.erb (3.5ms)
Completed 200 OK in 230ms (Views: 9.3ms)


Started GET "/" for ::1 at 2020-04-19 19:12:41 +1000
Processing by StaticPagesController#home as HTML
  Rendering static_pages/home.html.erb within layouts/application
  Rendered static_pages/home.html.erb within layouts/application (1.1ms)
Completed 200 OK in 656ms (Views: 472.7ms)


Started GET "/" for ::1 at 2020-04-19 19:24:24 +1000
Processing by StaticPagesController#home as HTML
  Rendering static_pages/home.html.erb within layouts/application
  Rendered static_pages/home.html.erb within layouts/application (0.4ms)
Completed 500 Internal Server Error in 175ms


  
SyntaxError (/home/luca/RAD/news_app/app/views/static_pages/home.html.erb:2: syntax error, unexpected tIVAR, expecting ')'
@output_buffer.safe_append='<h1>StaticPages...
^~~~~~~~~~~~~~):
  
app/views/static_pages/home.html.erb:2: syntax error, unexpected tIVAR, expecting ')'
Started GET "/" for ::1 at 2020-04-19 19:24:42 +1000
Processing by StaticPagesController#home as HTML
  Rendering static_pages/home.html.erb within layouts/application
  Rendered static_pages/home.html.erb within layouts/application (1.0ms)
  Rendered layouts/_rails_default.html.erb (174.7ms)
Completed 500 Internal Server Error in 374ms


  
ActionView::Template::Error (undefined method `full_title' for #<#<Class:0x000055fc8779cd48>:0x000055fc877aa3d0>):
    1: 
    2:     <title><%= full_title(yield(:title)) %></title>
    3:     <%= csrf_meta_tags %>
    4:     <%= stylesheet_link_tag    'application', media: 'all',
    5:                                               'data-turbolinks-track': 'reload' %>
  
app/views/layouts/_rails_default.html.erb:2:in `_app_views_layouts__rails_default_html_erb__2683487449040961353_47271542330720'
app/views/layouts/application.html.erb:5:in `_app_views_layouts_application_html_erb___1024475257549952033_47271543255660'
Started GET "/" for ::1 at 2020-04-19 19:26:37 +1000
Processing by StaticPagesController#home as HTML
  Rendering static_pages/home.html.erb within layouts/application
  Rendered static_pages/home.html.erb within layouts/application (0.9ms)
  Rendered layouts/_rails_default.html.erb (235.0ms)
  Rendered layouts/_shim.html.erb (0.2ms)
  Rendered layouts/_header.html.erb (331.0ms)
Completed 500 Internal Server Error in 573ms


  
ActionView::Template::Error (undefined local variable or method `help_path' for #<#<Class:0x000055fc888a22c8>:0x000055fc8894b1e8>):
    4:     <nav>
    5:       <ul class="nav navbar-nav navbar-right">
    6:         <li><%= link_to "Home",   root_path %></li>
    7:         <li><%= link_to "Help",   help_path %></li>
    8:         <li><%= link_to "Log in", '#' %></li>
    9:       </ul>
   10:     </nav>
  
app/views/layouts/_header.html.erb:7:in `_app_views_layouts__header_html_erb___1118236567687584503_70320238188200'
app/views/layouts/application.html.erb:10:in `_app_views_layouts_application_html_erb___1024475257549952033_47271555650020'
Started GET "/" for ::1 at 2020-04-19 19:26:45 +1000
Processing by StaticPagesController#home as HTML
  Rendering static_pages/home.html.erb within layouts/application
  Rendered static_pages/home.html.erb within layouts/application (0.8ms)
  Rendered layouts/_rails_default.html.erb (237.9ms)
  Rendered layouts/_shim.html.erb (0.5ms)
  Rendered layouts/_header.html.erb (269.3ms)
Completed 500 Internal Server Error in 707ms


  
ActionView::Template::Error (undefined local variable or method `help_path' for #<#<Class:0x000055c8c6caeb78>:0x000055c8c6c58930>):
    4:     <nav>
    5:       <ul class="nav navbar-nav navbar-right">
    6:         <li><%= link_to "Home",   root_path %></li>
    7:         <li><%= link_to "Help",   help_path %></li>
    8:         <li><%= link_to "Log in", '#' %></li>
    9:       </ul>
   10:     </nav>
  
app/views/layouts/_header.html.erb:7:in `_app_views_layouts__header_html_erb__2585194736154430849_70143173234500'
app/views/layouts/application.html.erb:10:in `_app_views_layouts_application_html_erb___3673494321053237462_47160407464840'
Started GET "/" for ::1 at 2020-04-19 19:27:16 +1000
Processing by StaticPagesController#home as HTML
  Rendering static_pages/home.html.erb within layouts/application
  Rendered static_pages/home.html.erb within layouts/application (1.3ms)
  Rendered layouts/_rails_default.html.erb (248.3ms)
  Rendered layouts/_shim.html.erb (0.4ms)
  Rendered layouts/_header.html.erb (0.8ms)
  Rendered layouts/_footer.html.erb (0.4ms)
Completed 200 OK in 448ms (Views: 261.8ms)


Started GET "/" for ::1 at 2020-04-19 19:28:21 +1000
Processing by StaticPagesController#home as HTML
  Rendering static_pages/home.html.erb within layouts/application
  Rendered static_pages/home.html.erb within layouts/application (1.0ms)
  Rendered layouts/_rails_default.html.erb (69.3ms)
Completed 500 Internal Server Error in 80ms


  
ActionView::Template::Error (File to import not found or unreadable: bootstrap-sprockets.
Load paths:
  /home/luca/RAD/news_app/app/assets/config
  /home/luca/RAD/news_app/app/assets/images
  /home/luca/RAD/news_app/app/assets/javascripts
  /home/luca/RAD/news_app/app/assets/stylesheets
  /home/luca/.rvm/gems/ruby-2.5.7/gems/coffee-rails-4.2.2/lib/assets/javascripts
  /home/luca/.rvm/gems/ruby-2.5.7/gems/actioncable-5.1.7/lib/assets/compiled
  /home/luca/.rvm/gems/ruby-2.5.7/gems/actionview-5.1.7/lib/assets/compiled
  /home/luca/.rvm/gems/ruby-2.5.7/gems/turbolinks-source-5.2.0/lib/assets/javascripts
  /home/luca/RAD/news_app/node_modules):
    1: 
    2:     <title><%= full_title(yield(:title)) %></title>
    3:     <%= csrf_meta_tags %>
    4:     <%= stylesheet_link_tag    'application', media: 'all',
    5:                                               'data-turbolinks-track': 'reload' %>
    6:     <%= javascript_include_tag 'application', 'data-turbolinks-track': 'reload' %>
  
app/assets/stylesheets/custom.scss:1
app/views/layouts/_rails_default.html.erb:4:in `_app_views_layouts__rails_default_html_erb__3818343526779836908_70183054064140'
app/views/layouts/application.html.erb:5:in `_app_views_layouts_application_html_erb___2218370169731572927_70183054004960'
Started GET "/" for ::1 at 2020-04-19 19:29:25 +1000
Processing by StaticPagesController#home as HTML
  Rendering static_pages/home.html.erb within layouts/application
  Rendered static_pages/home.html.erb within layouts/application (1.2ms)
  Rendered layouts/_rails_default.html.erb (2519.0ms)
  Rendered layouts/_shim.html.erb (0.4ms)
  Rendered layouts/_header.html.erb (0.5ms)
  Rendered layouts/_footer.html.erb (0.2ms)
Completed 200 OK in 2747ms (Views: 2531.3ms)


Started GET "/" for ::1 at 2020-04-19 19:30:15 +1000
Processing by StaticPagesController#home as HTML
  Rendering static_pages/home.html.erb within layouts/application
  Rendered static_pages/home.html.erb within layouts/application (2.5ms)
  Rendered layouts/_rails_default.html.erb (288.8ms)
  Rendered layouts/_shim.html.erb (0.7ms)
  Rendered layouts/_header.html.erb (1.0ms)
  Rendered layouts/_footer.html.erb (0.4ms)
Completed 200 OK in 498ms (Views: 304.3ms)


Started GET "/" for ::1 at 2020-04-19 19:30:23 +1000
Processing by StaticPagesController#home as HTML
  Rendering static_pages/home.html.erb within layouts/application
  Rendered static_pages/home.html.erb within layouts/application (0.8ms)
  Rendered layouts/_rails_default.html.erb (41.9ms)
  Rendered layouts/_shim.html.erb (0.3ms)
  Rendered layouts/_header.html.erb (0.3ms)
  Rendered layouts/_footer.html.erb (0.1ms)
Completed 200 OK in 55ms (Views: 52.4ms)


Started GET "/" for ::1 at 2020-04-19 19:30:24 +1000
Processing by StaticPagesController#home as HTML
  Rendering static_pages/home.html.erb within layouts/application
  Rendered static_pages/home.html.erb within layouts/application (0.4ms)
  Rendered layouts/_rails_default.html.erb (23.7ms)
  Rendered layouts/_shim.html.erb (0.3ms)
  Rendered layouts/_header.html.erb (0.5ms)
  Rendered layouts/_footer.html.erb (0.2ms)
Completed 200 OK in 32ms (Views: 30.4ms)


Started GET "/" for ::1 at 2020-04-19 19:30:25 +1000
Processing by StaticPagesController#home as HTML
  Rendering static_pages/home.html.erb within layouts/application
  Rendered static_pages/home.html.erb within layouts/application (0.5ms)
  Rendered layouts/_rails_default.html.erb (52.2ms)
  Rendered layouts/_shim.html.erb (0.9ms)
  Rendered layouts/_header.html.erb (3.0ms)
  Rendered layouts/_footer.html.erb (1.2ms)
Completed 200 OK in 74ms (Views: 72.4ms)


Started GET "/" for ::1 at 2020-04-19 19:31:08 +1000
Processing by StaticPagesController#home as HTML
  Rendering static_pages/home.html.erb within layouts/application
  Rendered static_pages/home.html.erb within layouts/application (2.1ms)
  Rendered layouts/_rails_default.html.erb (258.8ms)
  Rendered layouts/_shim.html.erb (0.2ms)
  Rendered layouts/_header.html.erb (0.3ms)
  Rendered layouts/_footer.html.erb (0.2ms)
Completed 200 OK in 468ms (Views: 269.8ms)


Started GET "/" for ::1 at 2020-04-19 19:31:10 +1000
Processing by StaticPagesController#home as HTML
  Rendering static_pages/home.html.erb within layouts/application
  Rendered static_pages/home.html.erb within layouts/application (0.3ms)
  Rendered layouts/_rails_default.html.erb (32.0ms)
  Rendered layouts/_shim.html.erb (0.4ms)
  Rendered layouts/_header.html.erb (0.6ms)
  Rendered layouts/_footer.html.erb (0.4ms)
Completed 200 OK in 39ms (Views: 38.4ms)


Started GET "/" for ::1 at 2020-04-19 19:32:30 +1000
Processing by StaticPagesController#home as HTML
  Rendering static_pages/home.html.erb within layouts/application
  Rendered static_pages/home.html.erb within layouts/application (2.6ms)
  Rendered layouts/_rails_default.html.erb (360.0ms)
  Rendered layouts/_shim.html.erb (0.2ms)
  Rendered layouts/_header.html.erb (0.7ms)
  Rendered layouts/_footer.html.erb (0.4ms)
Completed 200 OK in 600ms (Views: 373.8ms)


Started GET "/" for ::1 at 2020-04-19 19:32:59 +1000
Processing by StaticPagesController#home as HTML
  Rendering static_pages/home.html.erb within layouts/application
  Rendered static_pages/home.html.erb within layouts/application (0.6ms)
  Rendered layouts/_rails_default.html.erb (1125.9ms)
  Rendered layouts/_shim.html.erb (0.3ms)
  Rendered layouts/_header.html.erb (0.5ms)
  Rendered layouts/_footer.html.erb (0.3ms)
Completed 200 OK in 1136ms (Views: 1134.2ms)


Started GET "/" for ::1 at 2020-04-19 19:35:54 +1000
Processing by StaticPagesController#home as HTML
  Rendering static_pages/home.html.erb within layouts/application
  Rendered static_pages/home.html.erb within layouts/application (0.6ms)
  Rendered layouts/_rails_default.html.erb (349.7ms)
  Rendered layouts/_shim.html.erb (0.6ms)
  Rendered layouts/_header.html.erb (2.6ms)
  Rendered layouts/_footer.html.erb (0.8ms)
Completed 200 OK in 515ms (Views: 363.4ms)


Started GET "/" for ::1 at 2020-04-19 19:36:28 +1000
Processing by StaticPagesController#home as HTML
  Rendering static_pages/home.html.erb within layouts/application
  Rendered static_pages/home.html.erb within layouts/application (1.3ms)
  Rendered layouts/_rails_default.html.erb (249.5ms)
  Rendered layouts/_shim.html.erb (0.3ms)
  Rendered layouts/_header.html.erb (0.5ms)
  Rendered layouts/_footer.html.erb (0.3ms)
Completed 200 OK in 431ms (Views: 259.8ms)


Started GET "/" for ::1 at 2020-04-19 19:37:03 +1000
Processing by StaticPagesController#home as HTML
  Rendering static_pages/home.html.erb within layouts/application
  Rendered static_pages/home.html.erb within layouts/application (0.6ms)
  Rendered layouts/_rails_default.html.erb (225.9ms)
  Rendered layouts/_shim.html.erb (0.3ms)
  Rendered layouts/_header.html.erb (0.6ms)
  Rendered layouts/_footer.html.erb (0.3ms)
Completed 200 OK in 413ms (Views: 233.2ms)


  [1m[35m (0.1ms)[0m  [1m[34mSELECT sqlite_version(*)[0m
  [1m[35m (4.1ms)[0m  [1m[35mCREATE TABLE "schema_migrations" ("version" varchar NOT NULL PRIMARY KEY)[0m
  [1m[35m (3.8ms)[0m  [1m[35mCREATE TABLE "ar_internal_metadata" ("key" varchar NOT NULL PRIMARY KEY, "value" varchar, "created_at" datetime NOT NULL, "updated_at" datetime NOT NULL)[0m
  [1m[35m (0.1ms)[0m  [1m[34mSELECT "schema_migrations"."version" FROM "schema_migrations" ORDER BY "schema_migrations"."version" ASC[0m
Migrating to CreateUsers (20200419100652)
  [1m[35m (0.0ms)[0m  [1m[36mbegin transaction[0m
  [1m[35m (0.2ms)[0m  [1m[35mCREATE TABLE "users" ("id" INTEGER PRIMARY KEY AUTOINCREMENT NOT NULL, "name" varchar, "email" varchar, "created_at" datetime NOT NULL, "updated_at" datetime NOT NULL)[0m
  [1m[35mSQL (0.1ms)[0m  [1m[32mINSERT INTO "schema_migrations" ("version") VALUES (?)[0m  [["version", "20200419100652"]]
  [1m[35m (7.5ms)[0m  [1m[36mcommit transaction[0m
Migrating to CreateMicroposts (20200419100826)
  [1m[35m (0.0ms)[0m  [1m[36mbegin transaction[0m
  [1m[35m (0.4ms)[0m  [1m[35mCREATE TABLE "microposts" ("id" INTEGER PRIMARY KEY AUTOINCREMENT NOT NULL, "content" text, "user_id" integer, "created_at" datetime NOT NULL, "updated_at" datetime NOT NULL, CONSTRAINT "fk_rails_558c81314b"
FOREIGN KEY ("user_id")
  REFERENCES "users" ("id")
)[0m
  [1m[35m (0.1ms)[0m  [1m[35mCREATE  INDEX "index_microposts_on_user_id" ON "microposts" ("user_id")[0m
  [1m[35mSQL (0.1ms)[0m  [1m[32mINSERT INTO "schema_migrations" ("version") VALUES (?)[0m  [["version", "20200419100826"]]
  [1m[35m (3.7ms)[0m  [1m[36mcommit transaction[0m
  [1m[36mActiveRecord::InternalMetadata Load (0.1ms)[0m  [1m[34mSELECT  "ar_internal_metadata".* FROM "ar_internal_metadata" WHERE "ar_internal_metadata"."key" = ? LIMIT ?[0m  [["key", "environment"], ["LIMIT", 1]]
  [1m[35m (0.0ms)[0m  [1m[36mbegin transaction[0m
  [1m[35mSQL (0.2ms)[0m  [1m[32mINSERT INTO "ar_internal_metadata" ("key", "value", "created_at", "updated_at") VALUES (?, ?, ?, ?)[0m  [["key", "environment"], ["value", "development"], ["created_at", "2020-04-19 10:19:49.836984"], ["updated_at", "2020-04-19 10:19:49.836984"]]
  [1m[35m (4.1ms)[0m  [1m[36mcommit transaction[0m
  [1m[35m (0.1ms)[0m  [1m[34mSELECT "schema_migrations"."version" FROM "schema_migrations" ORDER BY "schema_migrations"."version" ASC[0m
  [1m[35m (0.1ms)[0m  [1m[34m            SELECT sql
            FROM sqlite_master
            WHERE name='index_microposts_on_user_id' AND type='index'
            UNION ALL
            SELECT sql
            FROM sqlite_temp_master
            WHERE name='index_microposts_on_user_id' AND type='index'
[0m
Started GET "/" for ::1 at 2020-04-19 20:24:07 +1000
  [1m[35m (0.3ms)[0m  [1m[34mSELECT "schema_migrations"."version" FROM "schema_migrations" ORDER BY "schema_migrations"."version" ASC[0m
Processing by StaticPagesController#home as HTML
  Rendering static_pages/home.html within layouts/application
  Rendered static_pages/home.html within layouts/application (0.7ms)
  Rendered layouts/_rails_default.html.erb (308.1ms)
  Rendered layouts/_shim.html.erb (0.7ms)
  Rendered layouts/_header.html.erb (0.9ms)
  Rendered layouts/_footer.html.erb (0.4ms)
Completed 200 OK in 323ms (Views: 319.1ms | ActiveRecord: 0.0ms)


Started GET "/" for ::1 at 2020-04-19 20:26:36 +1000
  [1m[35m (0.1ms)[0m  [1m[34mSELECT "schema_migrations"."version" FROM "schema_migrations" ORDER BY "schema_migrations"."version" ASC[0m
Processing by StaticPagesController#home as HTML
  Rendering static_pages/home.html within layouts/application
  Rendered static_pages/home.html within layouts/application (0.8ms)
  Rendered layouts/_rails_default.html.erb (374.2ms)
  Rendered layouts/_shim.html.erb (0.3ms)
  Rendered layouts/_header.html.erb (0.6ms)
  Rendered layouts/_footer.html.erb (0.2ms)
Completed 200 OK in 390ms (Views: 381.3ms | ActiveRecord: 0.0ms)


Started GET "/" for ::1 at 2020-04-19 20:28:02 +1000
Processing by StaticPagesController#home as HTML
  Rendering static_pages/home.html within layouts/application
  Rendered static_pages/home.html within layouts/application (0.6ms)
  Rendered layouts/_rails_default.html.erb (59.6ms)
  Rendered layouts/_shim.html.erb (0.4ms)
  Rendered layouts/_header.html.erb (0.9ms)
  Rendered layouts/_footer.html.erb (0.2ms)
Completed 200 OK in 75ms (Views: 71.9ms | ActiveRecord: 0.0ms)


Started GET "/" for ::1 at 2020-04-19 20:28:38 +1000
Processing by StaticPagesController#home as HTML
  Rendering static_pages/home.html within layouts/application
  Rendered static_pages/home.html within layouts/application (1.0ms)
  Rendered layouts/_rails_default.html.erb (84.0ms)
  Rendered layouts/_shim.html.erb (1.3ms)
  Rendered layouts/_header.html.erb (3.5ms)
  Rendered layouts/_footer.html.erb (0.7ms)
Completed 200 OK in 115ms (Views: 109.7ms | ActiveRecord: 0.0ms)


Started GET "/" for ::1 at 2020-04-19 20:29:07 +1000
Processing by StaticPagesController#home as HTML
  Rendering static_pages/home.html within layouts/application
  Rendered static_pages/home.html within layouts/application (1.0ms)
  Rendered layouts/_rails_default.html.erb (90.9ms)
  Rendered layouts/_shim.html.erb (1.4ms)
  Rendered layouts/_header.html.erb (2.8ms)
  Rendered layouts/_footer.html.erb (0.8ms)
Completed 200 OK in 121ms (Views: 117.3ms | ActiveRecord: 0.0ms)


Started GET "/" for ::1 at 2020-04-19 20:29:08 +1000
Processing by StaticPagesController#home as HTML
  Rendering static_pages/home.html within layouts/application
  Rendered static_pages/home.html within layouts/application (1.0ms)
  Rendered layouts/_rails_default.html.erb (34.8ms)
  Rendered layouts/_shim.html.erb (0.3ms)
  Rendered layouts/_header.html.erb (0.7ms)
  Rendered layouts/_footer.html.erb (0.5ms)
Completed 200 OK in 53ms (Views: 50.1ms | ActiveRecord: 0.0ms)


Started GET "/" for ::1 at 2020-04-19 20:31:16 +1000
Processing by StaticPagesController#home as HTML
  Rendering static_pages/home.html within layouts/application
  Rendered static_pages/home.html within layouts/application (0.7ms)
  Rendered layouts/_rails_default.html.erb (46.4ms)
  Rendered layouts/_shim.html.erb (0.3ms)
  Rendered layouts/_header.html.erb (0.7ms)
  Rendered layouts/_footer.html.erb (0.4ms)
Completed 200 OK in 62ms (Views: 59.2ms | ActiveRecord: 0.0ms)


Started GET "/" for ::1 at 2020-04-19 20:32:27 +1000
Processing by StaticPagesController#home as HTML
  Rendering static_pages/home.html within layouts/application
  Rendered static_pages/home.html within layouts/application (0.5ms)
  Rendered layouts/_rails_default.html.erb (26.2ms)
  Rendered layouts/_shim.html.erb (1.0ms)
  Rendered layouts/_header.html.erb (0.7ms)
  Rendered layouts/_footer.html.erb (0.3ms)
Completed 200 OK in 41ms (Views: 38.4ms | ActiveRecord: 0.0ms)


Started GET "/" for ::1 at 2020-04-19 20:32:29 +1000
Processing by StaticPagesController#home as HTML
  Rendering static_pages/home.html within layouts/application
  Rendered static_pages/home.html within layouts/application (1.2ms)
  Rendered layouts/_rails_default.html.erb (38.2ms)
  Rendered layouts/_shim.html.erb (0.2ms)
  Rendered layouts/_header.html.erb (0.5ms)
  Rendered layouts/_footer.html.erb (0.2ms)
Completed 200 OK in 56ms (Views: 52.6ms | ActiveRecord: 0.0ms)


Started GET "/" for ::1 at 2020-04-19 20:32:30 +1000
Processing by StaticPagesController#home as HTML
  Rendering static_pages/home.html within layouts/application
  Rendered static_pages/home.html within layouts/application (0.4ms)
  Rendered layouts/_rails_default.html.erb (20.0ms)
  Rendered layouts/_shim.html.erb (0.6ms)
  Rendered layouts/_header.html.erb (0.7ms)
  Rendered layouts/_footer.html.erb (0.2ms)
Completed 200 OK in 28ms (Views: 26.9ms | ActiveRecord: 0.0ms)


Started GET "/" for ::1 at 2020-04-19 20:32:54 +1000
Processing by StaticPagesController#home as HTML
  Rendering static_pages/home.html within layouts/application
  Rendered static_pages/home.html within layouts/application (1.0ms)
  Rendered layouts/_rails_default.html.erb (45.8ms)
  Rendered layouts/_shim.html.erb (0.5ms)
  Rendered layouts/_header.html.erb (1.4ms)
  Rendered layouts/_footer.html.erb (1.5ms)
Completed 200 OK in 72ms (Views: 68.3ms | ActiveRecord: 0.0ms)


Started GET "/" for ::1 at 2020-04-19 20:32:55 +1000
Processing by StaticPagesController#home as HTML
  Rendering static_pages/home.html within layouts/application
  Rendered static_pages/home.html within layouts/application (0.2ms)
  Rendered layouts/_rails_default.html.erb (21.6ms)
  Rendered layouts/_shim.html.erb (0.7ms)
  Rendered layouts/_header.html.erb (1.7ms)
  Rendered layouts/_footer.html.erb (0.9ms)
Completed 200 OK in 35ms (Views: 34.3ms | ActiveRecord: 0.0ms)


Started GET "/" for ::1 at 2020-04-19 20:33:01 +1000
Processing by StaticPagesController#home as HTML
  Rendering static_pages/home.html within layouts/application
  Rendered static_pages/home.html within layouts/application (0.7ms)
  Rendered layouts/_rails_default.html.erb (55.4ms)
  Rendered layouts/_shim.html.erb (0.5ms)
  Rendered layouts/_header.html.erb (1.6ms)
  Rendered layouts/_footer.html.erb (0.9ms)
Completed 200 OK in 76ms (Views: 72.9ms | ActiveRecord: 0.0ms)


Started GET "/" for ::1 at 2020-04-19 20:34:26 +1000
Processing by StaticPagesController#home as HTML
  Rendering static_pages/home.html within layouts/application
  Rendered static_pages/home.html within layouts/application (0.9ms)
  Rendered layouts/_rails_default.html.erb (40.2ms)
  Rendered layouts/_shim.html.erb (0.8ms)
  Rendered layouts/_header.html.erb (1.5ms)
  Rendered layouts/_footer.html.erb (0.6ms)
Completed 200 OK in 60ms (Views: 57.0ms | ActiveRecord: 0.0ms)


Started GET "/" for ::1 at 2020-04-19 20:34:45 +1000
Processing by StaticPagesController#home as HTML
  Rendering static_pages/home.html within layouts/application
  Rendered static_pages/home.html within layouts/application (0.7ms)
  Rendered layouts/_rails_default.html.erb (48.0ms)
  Rendered layouts/_shim.html.erb (1.0ms)
  Rendered layouts/_header.html.erb (1.3ms)
  Rendered layouts/_footer.html.erb (0.6ms)
Completed 200 OK in 67ms (Views: 65.0ms | ActiveRecord: 0.0ms)


Started GET "/" for ::1 at 2020-04-19 20:35:06 +1000
Processing by StaticPagesController#home as HTML
  Rendering static_pages/home.html within layouts/application
  Rendered static_pages/home.html within layouts/application (0.3ms)
  Rendered layouts/_rails_default.html.erb (26.8ms)
  Rendered layouts/_shim.html.erb (0.4ms)
  Rendered layouts/_header.html.erb (1.4ms)
  Rendered layouts/_footer.html.erb (0.9ms)
Completed 200 OK in 41ms (Views: 39.1ms | ActiveRecord: 0.0ms)


Started GET "/" for ::1 at 2020-04-19 20:35:35 +1000
  [1m[35m (0.3ms)[0m  [1m[34mSELECT "schema_migrations"."version" FROM "schema_migrations" ORDER BY "schema_migrations"."version" ASC[0m
Processing by StaticPagesController#home as HTML
  Rendering static_pages/home.html within layouts/application
  Rendered static_pages/home.html within layouts/application (0.7ms)
  Rendered layouts/_rails_default.html.erb (218.7ms)
  Rendered layouts/_shim.html.erb (0.3ms)
  Rendered layouts/_header.html.erb (1.2ms)
  Rendered layouts/_footer.html.erb (0.3ms)
Completed 200 OK in 301ms (Views: 289.9ms | ActiveRecord: 0.0ms)


Started GET "/" for ::1 at 2020-04-19 20:37:38 +1000
  [1m[35m (0.1ms)[0m  [1m[34mSELECT "schema_migrations"."version" FROM "schema_migrations" ORDER BY "schema_migrations"."version" ASC[0m
Processing by StaticPagesController#home as HTML
  Rendering static_pages/home.html within layouts/application
  Rendered static_pages/home.html within layouts/application (1.2ms)
  Rendered layouts/_rails_default.html.erb (301.1ms)
  Rendered layouts/_shim.html.erb (0.7ms)
  Rendered layouts/_header.html.erb (1.3ms)
  Rendered layouts/_footer.html.erb (0.6ms)
Completed 200 OK in 368ms (Views: 362.8ms | ActiveRecord: 0.0ms)


Started GET "/" for ::1 at 2020-04-19 20:38:34 +1000
Processing by StaticPagesController#home as HTML
  Rendering static_pages/home.html within layouts/application
  Rendered static_pages/home.html within layouts/application (0.7ms)
  Rendered layouts/_rails_default.html.erb (52.6ms)
  Rendered layouts/_shim.html.erb (0.5ms)
  Rendered layouts/_header.html.erb (1.4ms)
  Rendered layouts/_footer.html.erb (1.8ms)
Completed 200 OK in 74ms (Views: 70.8ms | ActiveRecord: 0.0ms)


Started GET "/" for ::1 at 2020-04-19 20:39:21 +1000
Processing by StaticPagesController#home as HTML
  Rendering static_pages/home.html within layouts/application
  Rendered static_pages/home.html within layouts/application (0.6ms)
  Rendered layouts/_rails_default.html.erb (67.8ms)
  Rendered layouts/_shim.html.erb (0.7ms)
  Rendered layouts/_header.html.erb (2.7ms)
  Rendered layouts/_footer.html.erb (1.4ms)
Completed 200 OK in 88ms (Views: 85.3ms | ActiveRecord: 0.0ms)


Started GET "/" for ::1 at 2020-04-19 20:39:52 +1000
Processing by StaticPagesController#home as HTML
  Rendering static_pages/home.html within layouts/application
  Rendered static_pages/home.html within layouts/application (0.5ms)
  Rendered layouts/_rails_default.html.erb (95.2ms)
  Rendered layouts/_shim.html.erb (0.7ms)
  Rendered layouts/_header.html.erb (1.3ms)
  Rendered layouts/_footer.html.erb (0.7ms)
Completed 200 OK in 114ms (Views: 111.4ms | ActiveRecord: 0.0ms)


Started GET "/" for ::1 at 2020-04-19 20:39:53 +1000
Processing by StaticPagesController#home as HTML
  Rendering static_pages/home.html within layouts/application
  Rendered static_pages/home.html within layouts/application (1.1ms)
  Rendered layouts/_rails_default.html.erb (103.0ms)
  Rendered layouts/_shim.html.erb (0.5ms)
  Rendered layouts/_header.html.erb (0.8ms)
  Rendered layouts/_footer.html.erb (0.5ms)
Completed 200 OK in 125ms (Views: 120.7ms | ActiveRecord: 0.0ms)


Started GET "/" for ::1 at 2020-04-19 20:39:54 +1000
Processing by StaticPagesController#home as HTML
  Rendering static_pages/home.html within layouts/application
  Rendered static_pages/home.html within layouts/application (0.7ms)
  Rendered layouts/_rails_default.html.erb (42.5ms)
  Rendered layouts/_shim.html.erb (1.0ms)
  Rendered layouts/_header.html.erb (0.9ms)
  Rendered layouts/_footer.html.erb (0.4ms)
Completed 200 OK in 60ms (Views: 57.4ms | ActiveRecord: 0.0ms)


Started GET "/" for ::1 at 2020-04-19 20:40:25 +1000
Processing by StaticPagesController#home as HTML
  Rendering static_pages/home.html within layouts/application
  Rendered static_pages/home.html within layouts/application (0.4ms)
  Rendered layouts/_rails_default.html.erb (31.3ms)
  Rendered layouts/_shim.html.erb (1.0ms)
  Rendered layouts/_header.html.erb (2.1ms)
  Rendered layouts/_footer.html.erb (0.3ms)
Completed 200 OK in 46ms (Views: 44.4ms | ActiveRecord: 0.0ms)


Started GET "/" for ::1 at 2020-04-19 20:40:33 +1000
Processing by StaticPagesController#home as HTML
  Rendering static_pages/home.html within layouts/application
  Rendered static_pages/home.html within layouts/application (0.8ms)
  Rendered layouts/_rails_default.html.erb (50.2ms)
  Rendered layouts/_shim.html.erb (0.8ms)
  Rendered layouts/_header.html.erb (1.7ms)
  Rendered layouts/_footer.html.erb (0.6ms)
Completed 200 OK in 72ms (Views: 69.1ms | ActiveRecord: 0.0ms)


Started GET "/" for ::1 at 2020-04-19 20:40:45 +1000
Processing by StaticPagesController#home as HTML
  Rendering static_pages/home.html within layouts/application
  Rendered static_pages/home.html within layouts/application (0.3ms)
  Rendered layouts/_rails_default.html.erb (54.4ms)
  Rendered layouts/_shim.html.erb (0.3ms)
  Rendered layouts/_header.html.erb (0.6ms)
  Rendered layouts/_footer.html.erb (0.3ms)
Completed 200 OK in 62ms (Views: 61.1ms | ActiveRecord: 0.0ms)


Started GET "/" for ::1 at 2020-04-19 20:40:59 +1000
Processing by StaticPagesController#home as HTML
  Rendering static_pages/home.html within layouts/application
  Rendered static_pages/home.html within layouts/application (0.6ms)
  Rendered layouts/_rails_default.html.erb (42.4ms)
  Rendered layouts/_shim.html.erb (0.8ms)
  Rendered layouts/_header.html.erb (1.5ms)
  Rendered layouts/_footer.html.erb (1.0ms)
Completed 200 OK in 60ms (Views: 57.3ms | ActiveRecord: 0.0ms)


Started GET "/" for ::1 at 2020-04-19 20:41:02 +1000
Processing by StaticPagesController#home as HTML
  Rendering static_pages/home.html within layouts/application
  Rendered static_pages/home.html within layouts/application (0.8ms)
  Rendered layouts/_rails_default.html.erb (36.8ms)
  Rendered layouts/_shim.html.erb (0.5ms)
  Rendered layouts/_header.html.erb (1.3ms)
  Rendered layouts/_footer.html.erb (0.8ms)
Completed 200 OK in 55ms (Views: 52.7ms | ActiveRecord: 0.0ms)


Started GET "/" for ::1 at 2020-04-19 20:41:22 +1000
  [1m[35m (0.3ms)[0m  [1m[34mSELECT "schema_migrations"."version" FROM "schema_migrations" ORDER BY "schema_migrations"."version" ASC[0m
Processing by StaticPagesController#home as HTML
  Rendering static_pages/home.html within layouts/application
  Rendered static_pages/home.html within layouts/application (0.9ms)
  Rendered layouts/_rails_default.html.erb (261.8ms)
  Rendered layouts/_shim.html.erb (0.3ms)
  Rendered layouts/_header.html.erb (0.5ms)
  Rendered layouts/_footer.html.erb (0.2ms)
Completed 200 OK in 273ms (Views: 269.6ms | ActiveRecord: 0.0ms)


Started GET "/" for ::1 at 2020-04-19 20:41:24 +1000
Processing by StaticPagesController#home as HTML
  Rendering static_pages/home.html within layouts/application
  Rendered static_pages/home.html within layouts/application (0.5ms)
  Rendered layouts/_rails_default.html.erb (44.9ms)
  Rendered layouts/_shim.html.erb (0.4ms)
  Rendered layouts/_header.html.erb (0.9ms)
  Rendered layouts/_footer.html.erb (0.7ms)
Completed 200 OK in 57ms (Views: 56.1ms | ActiveRecord: 0.0ms)


Started GET "/" for ::1 at 2020-04-19 20:42:40 +1000
Processing by StaticPagesController#home as HTML
  Rendering static_pages/home.html within layouts/application
  Rendered static_pages/home.html within layouts/application (0.4ms)
  Rendered layouts/_rails_default.html.erb (91.0ms)
  Rendered layouts/_shim.html.erb (0.7ms)
  Rendered layouts/_header.html.erb (1.7ms)
  Rendered layouts/_footer.html.erb (1.0ms)
Completed 200 OK in 107ms (Views: 105.5ms | ActiveRecord: 0.0ms)


Started GET "/" for ::1 at 2020-04-19 20:42:48 +1000
Processing by StaticPagesController#home as HTML
  Rendering static_pages/home.html within layouts/application
  Rendered static_pages/home.html within layouts/application (0.8ms)
  Rendered layouts/_rails_default.html.erb (89.2ms)
  Rendered layouts/_shim.html.erb (0.7ms)
  Rendered layouts/_header.html.erb (1.1ms)
  Rendered layouts/_footer.html.erb (0.5ms)
Completed 200 OK in 110ms (Views: 107.6ms | ActiveRecord: 0.0ms)


Started GET "/" for ::1 at 2020-04-19 20:42:57 +1000
Processing by StaticPagesController#home as HTML
  Rendering static_pages/home.html within layouts/application
  Rendered static_pages/home.html within layouts/application (0.8ms)
  Rendered layouts/_rails_default.html.erb (93.7ms)
  Rendered layouts/_shim.html.erb (0.4ms)
  Rendered layouts/_header.html.erb (0.9ms)
  Rendered layouts/_footer.html.erb (0.5ms)
Completed 200 OK in 111ms (Views: 108.4ms | ActiveRecord: 0.0ms)


Started GET "/" for ::1 at 2020-04-19 20:46:30 +1000
Processing by StaticPagesController#home as HTML
  Rendering static_pages/home.html within layouts/application
  Rendered static_pages/home.html within layouts/application (0.9ms)
  Rendered layouts/_rails_default.html.erb (43.2ms)
  Rendered layouts/_shim.html.erb (1.1ms)
  Rendered layouts/_header.html.erb (1.5ms)
  Rendered layouts/_footer.html.erb (0.5ms)
Completed 200 OK in 64ms (Views: 61.2ms | ActiveRecord: 0.0ms)


Started GET "/" for ::1 at 2020-04-19 20:47:13 +1000
Processing by StaticPagesController#home as HTML
  Rendering static_pages/home.html within layouts/application
  Rendered static_pages/home.html within layouts/application (0.5ms)
  Rendered layouts/_rails_default.html.erb (39.6ms)
  Rendered layouts/_shim.html.erb (0.4ms)
  Rendered layouts/_header.html.erb (1.3ms)
  Rendered layouts/_footer.html.erb (0.9ms)
Completed 200 OK in 54ms (Views: 52.2ms | ActiveRecord: 0.0ms)


Started GET "/" for ::1 at 2020-04-19 20:47:39 +1000
Processing by StaticPagesController#home as HTML
  Rendering static_pages/home.html within layouts/application
  Rendered static_pages/home.html within layouts/application (0.7ms)
  Rendered layouts/_rails_default.html.erb (37.6ms)
  Rendered layouts/_shim.html.erb (0.6ms)
  Rendered layouts/_header.html.erb (1.2ms)
  Rendered layouts/_footer.html.erb (1.2ms)
Completed 200 OK in 61ms (Views: 56.8ms | ActiveRecord: 0.0ms)


Started GET "/" for ::1 at 2020-04-19 20:47:49 +1000
Processing by StaticPagesController#home as HTML
  Rendering static_pages/home.html within layouts/application
  Rendered static_pages/home.html within layouts/application (0.4ms)
  Rendered layouts/_rails_default.html.erb (36.3ms)
  Rendered layouts/_shim.html.erb (0.5ms)
  Rendered layouts/_header.html.erb (1.1ms)
  Rendered layouts/_footer.html.erb (0.6ms)
Completed 200 OK in 48ms (Views: 46.5ms | ActiveRecord: 0.0ms)


Started GET "/" for ::1 at 2020-04-19 20:47:55 +1000
Processing by StaticPagesController#home as HTML
  Rendering static_pages/home.html within layouts/application
  Rendered static_pages/home.html within layouts/application (1.0ms)
  Rendered layouts/_rails_default.html.erb (56.3ms)
  Rendered layouts/_shim.html.erb (0.5ms)
  Rendered layouts/_header.html.erb (3.4ms)
  Rendered layouts/_footer.html.erb (1.1ms)
Completed 200 OK in 81ms (Views: 78.1ms | ActiveRecord: 0.0ms)


Started GET "/" for ::1 at 2020-04-19 20:48:05 +1000
Processing by StaticPagesController#home as HTML
  Rendering static_pages/home.html within layouts/application
  Rendered static_pages/home.html within layouts/application (0.7ms)
  Rendered layouts/_rails_default.html.erb (22.1ms)
  Rendered layouts/_shim.html.erb (0.3ms)
  Rendered layouts/_header.html.erb (0.6ms)
  Rendered layouts/_footer.html.erb (0.2ms)
Completed 200 OK in 34ms (Views: 32.0ms | ActiveRecord: 0.0ms)


Started GET "/" for ::1 at 2020-04-19 20:48:16 +1000
Processing by StaticPagesController#home as HTML
  Rendering static_pages/home.html within layouts/application
  Rendered static_pages/home.html within layouts/application (0.8ms)
  Rendered layouts/_rails_default.html.erb (43.7ms)
  Rendered layouts/_shim.html.erb (0.9ms)
  Rendered layouts/_header.html.erb (1.4ms)
  Rendered layouts/_footer.html.erb (0.8ms)
Completed 200 OK in 62ms (Views: 60.4ms | ActiveRecord: 0.0ms)


Started GET "/" for ::1 at 2020-04-19 20:48:32 +1000
Processing by StaticPagesController#home as HTML
  Rendering static_pages/home.html within layouts/application
  Rendered static_pages/home.html within layouts/application (0.6ms)
  Rendered layouts/_rails_default.html.erb (1208.6ms)
  Rendered layouts/_shim.html.erb (0.4ms)
  Rendered layouts/_header.html.erb (0.8ms)
  Rendered layouts/_footer.html.erb (0.3ms)
Completed 200 OK in 1220ms (Views: 1218.1ms | ActiveRecord: 0.0ms)


Started GET "/" for ::1 at 2020-04-19 20:48:38 +1000
Processing by StaticPagesController#home as HTML
  Rendering static_pages/home.html within layouts/application
  Rendered static_pages/home.html within layouts/application (0.7ms)
  Rendered layouts/_rails_default.html.erb (1192.8ms)
  Rendered layouts/_shim.html.erb (0.2ms)
  Rendered layouts/_header.html.erb (0.4ms)
  Rendered layouts/_footer.html.erb (0.3ms)
Completed 200 OK in 1204ms (Views: 1202.7ms | ActiveRecord: 0.0ms)


Started GET "/" for ::1 at 2020-04-19 20:48:49 +1000
Processing by StaticPagesController#home as HTML
  Rendering static_pages/home.html within layouts/application
  Rendered static_pages/home.html within layouts/application (0.8ms)
  Rendered layouts/_rails_default.html.erb (1188.9ms)
  Rendered layouts/_shim.html.erb (0.2ms)
  Rendered layouts/_header.html.erb (0.3ms)
  Rendered layouts/_footer.html.erb (0.2ms)
Completed 200 OK in 1201ms (Views: 1198.8ms | ActiveRecord: 0.0ms)


Started GET "/" for ::1 at 2020-04-19 20:50:50 +1000
Processing by StaticPagesController#home as HTML
  Rendering static_pages/home.html within layouts/application
  Rendered static_pages/home.html within layouts/application (0.9ms)
  Rendered layouts/_rails_default.html.erb (1145.8ms)
  Rendered layouts/_shim.html.erb (0.2ms)
  Rendered layouts/_header.html.erb (0.4ms)
  Rendered layouts/_footer.html.erb (0.1ms)
Completed 200 OK in 1161ms (Views: 1157.4ms | ActiveRecord: 0.0ms)


Started GET "/" for ::1 at 2020-04-19 20:51:02 +1000
Processing by StaticPagesController#home as HTML
  Rendering static_pages/home.html within layouts/application
  Rendered static_pages/home.html within layouts/application (0.6ms)
  Rendered layouts/_rails_default.html.erb (39.4ms)
  Rendered layouts/_shim.html.erb (0.5ms)
  Rendered layouts/_header.html.erb (2.1ms)
  Rendered layouts/_footer.html.erb (0.8ms)
Completed 200 OK in 55ms (Views: 52.7ms | ActiveRecord: 0.0ms)


Started GET "/" for ::1 at 2020-04-19 20:51:13 +1000
Processing by StaticPagesController#home as HTML
  Rendering static_pages/home.html within layouts/application
  Rendered static_pages/home.html within layouts/application (0.5ms)
  Rendered layouts/_rails_default.html.erb (37.5ms)
  Rendered layouts/_shim.html.erb (0.4ms)
  Rendered layouts/_header.html.erb (1.2ms)
  Rendered layouts/_footer.html.erb (0.6ms)
Completed 200 OK in 50ms (Views: 48.5ms | ActiveRecord: 0.0ms)


Started GET "/" for ::1 at 2020-04-19 20:51:29 +1000
Processing by StaticPagesController#home as HTML
  Rendering static_pages/home.html within layouts/application
  Rendered static_pages/home.html within layouts/application (0.6ms)
  Rendered layouts/_rails_default.html.erb (44.7ms)
  Rendered layouts/_shim.html.erb (0.7ms)
  Rendered layouts/_header.html.erb (1.5ms)
  Rendered layouts/_footer.html.erb (0.9ms)
Completed 200 OK in 61ms (Views: 59.2ms | ActiveRecord: 0.0ms)


Started GET "/" for ::1 at 2020-04-19 20:52:47 +1000
Processing by StaticPagesController#home as HTML
  Rendering static_pages/home.html within layouts/application
  Rendered static_pages/home.html within layouts/application (0.7ms)
  Rendered layouts/_rails_default.html.erb (40.7ms)
  Rendered layouts/_shim.html.erb (0.8ms)
  Rendered layouts/_header.html.erb (1.3ms)
  Rendered layouts/_footer.html.erb (0.7ms)
Completed 200 OK in 62ms (Views: 58.2ms | ActiveRecord: 0.0ms)


Started GET "/" for ::1 at 2020-04-19 20:55:01 +1000
  [1m[35m (0.2ms)[0m  [1m[34mSELECT "schema_migrations"."version" FROM "schema_migrations" ORDER BY "schema_migrations"."version" ASC[0m
Processing by StaticPagesController#home as HTML
  Rendering static_pages/home.html within layouts/application
  Rendered static_pages/home.html within layouts/application (0.5ms)
  Rendered layouts/_rails_default.html.erb (300.1ms)
  Rendered layouts/_shim.html.erb (0.4ms)
  Rendered layouts/_header.html.erb (1.0ms)
  Rendered layouts/_footer.html.erb (0.8ms)
Completed 200 OK in 316ms (Views: 311.4ms | ActiveRecord: 0.0ms)


Started GET "/" for ::1 at 2020-04-19 20:56:11 +1000
Processing by StaticPagesController#home as HTML
  Rendering static_pages/home.html within layouts/application
  Rendered static_pages/home.html within layouts/application (0.8ms)
  Rendered layouts/_rails_default.html.erb (51.1ms)
  Rendered layouts/_shim.html.erb (0.4ms)
  Rendered layouts/_header.html.erb (1.1ms)
  Rendered layouts/_footer.html.erb (1.0ms)
Completed 200 OK in 72ms (Views: 69.2ms | ActiveRecord: 0.0ms)


Started GET "/" for ::1 at 2020-04-19 20:56:25 +1000
Processing by StaticPagesController#home as HTML
  Rendering static_pages/home.html within layouts/application
  Rendered static_pages/home.html within layouts/application (0.9ms)
  Rendered layouts/_rails_default.html.erb (80.3ms)
  Rendered layouts/_shim.html.erb (3.1ms)
  Rendered layouts/_header.html.erb (2.4ms)
  Rendered layouts/_footer.html.erb (0.7ms)
Completed 200 OK in 108ms (Views: 105.3ms | ActiveRecord: 0.0ms)


Started GET "/" for ::1 at 2020-04-19 20:56:43 +1000
Processing by StaticPagesController#home as HTML
  Rendering static_pages/home.html within layouts/application
  Rendered static_pages/home.html within layouts/application (0.7ms)
  Rendered layouts/_rails_default.html.erb (70.1ms)
  Rendered layouts/_shim.html.erb (1.5ms)
  Rendered layouts/_header.html.erb (0.8ms)
  Rendered layouts/_footer.html.erb (1.2ms)
Completed 200 OK in 90ms (Views: 86.4ms | ActiveRecord: 0.0ms)


Started GET "/" for ::1 at 2020-04-19 20:57:01 +1000
Processing by StaticPagesController#home as HTML
  Rendering static_pages/home.html within layouts/application
  Rendered static_pages/home.html within layouts/application (0.2ms)
  Rendered layouts/_rails_default.html.erb (34.4ms)
  Rendered layouts/_shim.html.erb (0.4ms)
  Rendered layouts/_header.html.erb (0.6ms)
  Rendered layouts/_footer.html.erb (0.4ms)
Completed 200 OK in 41ms (Views: 40.6ms | ActiveRecord: 0.0ms)


Started GET "/" for ::1 at 2020-04-19 20:57:29 +1000
  [1m[35m (0.3ms)[0m  [1m[34mSELECT "schema_migrations"."version" FROM "schema_migrations" ORDER BY "schema_migrations"."version" ASC[0m
Processing by StaticPagesController#home as HTML
  Rendering static_pages/home.html within layouts/application
  Rendered static_pages/home.html within layouts/application (0.8ms)
  Rendered layouts/_rails_default.html.erb (243.0ms)
  Rendered layouts/_shim.html.erb (0.4ms)
  Rendered layouts/_header.html.erb (0.9ms)
  Rendered layouts/_footer.html.erb (0.4ms)
Completed 200 OK in 257ms (Views: 253.7ms | ActiveRecord: 0.0ms)


Started GET "/" for ::1 at 2020-04-19 20:58:01 +1000
Processing by StaticPagesController#home as HTML
  Rendering static_pages/home.html within layouts/application
  Rendered static_pages/home.html within layouts/application (0.8ms)
  Rendered layouts/_rails_default.html.erb (40.5ms)
  Rendered layouts/_shim.html.erb (1.1ms)
  Rendered layouts/_header.html.erb (1.3ms)
  Rendered layouts/_footer.html.erb (0.7ms)
Completed 200 OK in 62ms (Views: 59.2ms | ActiveRecord: 0.0ms)


Started GET "/" for ::1 at 2020-04-19 20:58:36 +1000
Processing by StaticPagesController#home as HTML
  Rendering static_pages/home.html within layouts/application
  Rendered static_pages/home.html within layouts/application (0.6ms)
  Rendered layouts/_rails_default.html.erb (62.9ms)
  Rendered layouts/_shim.html.erb (0.5ms)
  Rendered layouts/_header.html.erb (1.6ms)
  Rendered layouts/_footer.html.erb (1.4ms)
Completed 200 OK in 78ms (Views: 76.0ms | ActiveRecord: 0.0ms)


Started GET "/" for ::1 at 2020-04-19 20:59:42 +1000
Processing by StaticPagesController#home as HTML
  Rendering static_pages/home.html within layouts/application
  Rendered static_pages/home.html within layouts/application (1.0ms)
  Rendered layouts/_rails_default.html.erb (96.4ms)
  Rendered layouts/_shim.html.erb (1.2ms)
  Rendered layouts/_header.html.erb (1.9ms)
  Rendered layouts/_footer.html.erb (0.2ms)
Completed 200 OK in 114ms (Views: 111.8ms | ActiveRecord: 0.0ms)


Started GET "/" for ::1 at 2020-04-19 21:00:15 +1000
Processing by StaticPagesController#home as HTML
  Rendering static_pages/home.html within layouts/application
  Rendered static_pages/home.html within layouts/application (1.0ms)
  Rendered layouts/_rails_default.html.erb (85.4ms)
  Rendered layouts/_shim.html.erb (0.5ms)
  Rendered layouts/_header.html.erb (1.1ms)
  Rendered layouts/_footer.html.erb (0.5ms)
Completed 200 OK in 112ms (Views: 105.7ms | ActiveRecord: 0.0ms)


Started GET "/" for ::1 at 2020-04-19 21:00:40 +1000
Processing by StaticPagesController#home as HTML
  Rendering static_pages/home.html within layouts/application
  Rendered static_pages/home.html within layouts/application (0.4ms)
  Rendered layouts/_rails_default.html.erb (44.8ms)
  Rendered layouts/_shim.html.erb (0.5ms)
  Rendered layouts/_header.html.erb (1.1ms)
  Rendered layouts/_footer.html.erb (0.7ms)
Completed 200 OK in 60ms (Views: 57.6ms | ActiveRecord: 0.0ms)


Started GET "/" for ::1 at 2020-04-19 21:01:18 +1000
Processing by StaticPagesController#home as HTML
  Rendering static_pages/home.html within layouts/application
  Rendered static_pages/home.html within layouts/application (0.5ms)
  Rendered layouts/_rails_default.html.erb (49.6ms)
  Rendered layouts/_shim.html.erb (0.7ms)
  Rendered layouts/_header.html.erb (0.8ms)
  Rendered layouts/_footer.html.erb (0.6ms)
Completed 200 OK in 64ms (Views: 61.8ms | ActiveRecord: 0.0ms)


Started GET "/" for ::1 at 2020-04-19 21:02:46 +1000
Processing by StaticPagesController#home as HTML
  Rendering static_pages/home.html within layouts/application
  Rendered static_pages/home.html within layouts/application (1.1ms)
  Rendered layouts/_rails_default.html.erb (64.2ms)
  Rendered layouts/_shim.html.erb (1.0ms)
  Rendered layouts/_header.html.erb (1.5ms)
  Rendered layouts/_footer.html.erb (0.8ms)
Completed 200 OK in 92ms (Views: 87.2ms | ActiveRecord: 0.0ms)


Started GET "/" for ::1 at 2020-04-19 21:03:24 +1000
Processing by StaticPagesController#home as HTML
  Rendering static_pages/home.html within layouts/application
  Rendered static_pages/home.html within layouts/application (0.6ms)
  Rendered layouts/_rails_default.html.erb (53.4ms)
  Rendered layouts/_shim.html.erb (1.0ms)
  Rendered layouts/_header.html.erb (1.4ms)
  Rendered layouts/_footer.html.erb (0.5ms)
Completed 200 OK in 70ms (Views: 67.2ms | ActiveRecord: 0.0ms)


Started GET "/" for ::1 at 2020-04-19 21:03:27 +1000
Processing by StaticPagesController#home as HTML
  Rendering static_pages/home.html within layouts/application
  Rendered static_pages/home.html within layouts/application (0.2ms)
  Rendered layouts/_rails_default.html.erb (19.8ms)
  Rendered layouts/_shim.html.erb (0.4ms)
  Rendered layouts/_header.html.erb (1.1ms)
  Rendered layouts/_footer.html.erb (0.5ms)
Completed 200 OK in 30ms (Views: 27.6ms | ActiveRecord: 0.0ms)


Started GET "/" for ::1 at 2020-04-19 21:03:53 +1000
Processing by StaticPagesController#home as HTML
  Rendering static_pages/home.html within layouts/application
  Rendered static_pages/home.html within layouts/application (0.4ms)
  Rendered layouts/_rails_default.html.erb (23.1ms)
  Rendered layouts/_shim.html.erb (0.7ms)
  Rendered layouts/_header.html.erb (1.0ms)
  Rendered layouts/_footer.html.erb (0.7ms)
Completed 200 OK in 36ms (Views: 34.4ms | ActiveRecord: 0.0ms)


Started GET "/" for ::1 at 2020-04-19 21:04:26 +1000
Processing by StaticPagesController#home as HTML
  Rendering static_pages/home.html within layouts/application
  Rendered static_pages/home.html within layouts/application (0.6ms)
  Rendered layouts/_rails_default.html.erb (54.8ms)
  Rendered layouts/_shim.html.erb (0.6ms)
  Rendered layouts/_header.html.erb (0.8ms)
  Rendered layouts/_footer.html.erb (0.6ms)
Completed 200 OK in 70ms (Views: 67.6ms | ActiveRecord: 0.0ms)


Started GET "/" for ::1 at 2020-04-19 21:04:37 +1000
Processing by StaticPagesController#home as HTML
  Rendering static_pages/home.html within layouts/application
  Rendered static_pages/home.html within layouts/application (0.5ms)
  Rendered layouts/_rails_default.html.erb (47.7ms)
  Rendered layouts/_shim.html.erb (0.8ms)
  Rendered layouts/_header.html.erb (1.4ms)
  Rendered layouts/_footer.html.erb (0.4ms)
Completed 200 OK in 65ms (Views: 62.4ms | ActiveRecord: 0.0ms)


Started GET "/" for ::1 at 2020-04-19 21:04:47 +1000
Processing by StaticPagesController#home as HTML
  Rendering static_pages/home.html within layouts/application
  Rendered static_pages/home.html within layouts/application (0.6ms)
  Rendered layouts/_rails_default.html.erb (34.1ms)
  Rendered layouts/_shim.html.erb (1.2ms)
  Rendered layouts/_header.html.erb (1.2ms)
  Rendered layouts/_footer.html.erb (0.4ms)
Completed 200 OK in 49ms (Views: 46.9ms | ActiveRecord: 0.0ms)


Started GET "/" for ::1 at 2020-04-19 21:04:58 +1000
Processing by StaticPagesController#home as HTML
  Rendering static_pages/home.html within layouts/application
  Rendered static_pages/home.html within layouts/application (0.6ms)
  Rendered layouts/_rails_default.html.erb (33.9ms)
  Rendered layouts/_shim.html.erb (0.5ms)
  Rendered layouts/_header.html.erb (0.8ms)
  Rendered layouts/_footer.html.erb (0.7ms)
Completed 200 OK in 47ms (Views: 44.4ms | ActiveRecord: 0.0ms)


Started GET "/" for ::1 at 2020-04-19 21:10:24 +1000
  [1m[35m (0.2ms)[0m  [1m[34mSELECT "schema_migrations"."version" FROM "schema_migrations" ORDER BY "schema_migrations"."version" ASC[0m
Processing by StaticPagesController#home as HTML
  Rendering static_pages/home.html within layouts/application
  Rendered static_pages/home.html within layouts/application (0.9ms)
  Rendered layouts/_rails_default.html.erb (293.8ms)
  Rendered layouts/_shim.html.erb (0.5ms)
  Rendered layouts/_header.html.erb (1.6ms)
  Rendered layouts/_footer.html.erb (0.5ms)
Completed 200 OK in 308ms (Views: 304.3ms | ActiveRecord: 0.0ms)


Started GET "/signup" for ::1 at 2020-04-19 21:10:28 +1000
Processing by UsersController#new as HTML
  Rendering users/new.html.erb within layouts/application
  Rendered shared/_error_messages.html.erb (0.4ms)
  Rendered users/new.html.erb within layouts/application (29.2ms)
  Rendered layouts/_rails_default.html.erb (89.7ms)
  Rendered layouts/_shim.html.erb (0.3ms)
  Rendered layouts/_header.html.erb (0.4ms)
  Rendered layouts/_footer.html.erb (0.3ms)
Completed 200 OK in 135ms (Views: 128.0ms | ActiveRecord: 0.7ms)


Started GET "/" for ::1 at 2020-04-19 21:10:34 +1000
Processing by StaticPagesController#home as HTML
  Rendering static_pages/home.html within layouts/application
  Rendered static_pages/home.html within layouts/application (0.4ms)
  Rendered layouts/_rails_default.html.erb (46.6ms)
  Rendered layouts/_shim.html.erb (0.2ms)
  Rendered layouts/_header.html.erb (0.3ms)
  Rendered layouts/_footer.html.erb (0.1ms)
Completed 200 OK in 54ms (Views: 52.6ms | ActiveRecord: 0.0ms)


Started GET "/" for ::1 at 2020-04-19 21:12:04 +1000
Processing by StaticPagesController#home as HTML
  Rendering static_pages/home.html within layouts/application
  Rendered static_pages/home.html within layouts/application (1.2ms)
  Rendered layouts/_rails_default.html.erb (44.4ms)
  Rendered layouts/_shim.html.erb (0.6ms)
  Rendered layouts/_header.html.erb (0.9ms)
  Rendered layouts/_footer.html.erb (0.7ms)
Completed 200 OK in 63ms (Views: 59.8ms | ActiveRecord: 0.0ms)


Started GET "/signup" for ::1 at 2020-04-19 21:12:06 +1000
Processing by UsersController#new as HTML
  Rendering users/new.html.erb within layouts/application
  Rendered shared/_error_messages.html.erb (0.6ms)
  Rendered users/new.html.erb within layouts/application (4.8ms)
  Rendered layouts/_rails_default.html.erb (27.5ms)
  Rendered layouts/_shim.html.erb (0.3ms)
  Rendered layouts/_header.html.erb (0.7ms)
  Rendered layouts/_footer.html.erb (0.6ms)
Completed 200 OK in 43ms (Views: 40.8ms | ActiveRecord: 0.0ms)


Started GET "/" for ::1 at 2020-04-19 21:12:08 +1000
Processing by StaticPagesController#home as HTML
  Rendering static_pages/home.html within layouts/application
  Rendered static_pages/home.html within layouts/application (0.5ms)
  Rendered layouts/_rails_default.html.erb (36.4ms)
  Rendered layouts/_shim.html.erb (0.5ms)
  Rendered layouts/_header.html.erb (1.2ms)
  Rendered layouts/_footer.html.erb (0.5ms)
Completed 200 OK in 53ms (Views: 50.0ms | ActiveRecord: 0.0ms)


Started GET "/" for ::1 at 2020-04-19 21:13:39 +1000
Processing by StaticPagesController#home as HTML
  Rendering static_pages/home.html within layouts/application
  Rendered static_pages/home.html within layouts/application (0.6ms)
  Rendered layouts/_rails_default.html.erb (115.1ms)
  Rendered layouts/_shim.html.erb (0.4ms)
  Rendered layouts/_header.html.erb (1.3ms)
  Rendered layouts/_footer.html.erb (0.9ms)
Completed 200 OK in 129ms (Views: 127.4ms | ActiveRecord: 0.0ms)


Started GET "/" for ::1 at 2020-04-19 21:13:47 +1000
Processing by StaticPagesController#home as HTML
  Rendering static_pages/home.html within layouts/application
  Rendered static_pages/home.html within layouts/application (0.8ms)
  Rendered layouts/_rails_default.html.erb (45.8ms)
  Rendered layouts/_shim.html.erb (0.5ms)
  Rendered layouts/_header.html.erb (1.2ms)
  Rendered layouts/_footer.html.erb (0.5ms)
Completed 200 OK in 63ms (Views: 60.5ms | ActiveRecord: 0.0ms)


Started GET "/" for ::1 at 2020-04-19 21:13:54 +1000
Processing by StaticPagesController#home as HTML
  Rendering static_pages/home.html within layouts/application
  Rendered static_pages/home.html within layouts/application (0.4ms)
  Rendered layouts/_rails_default.html.erb (33.7ms)
  Rendered layouts/_shim.html.erb (0.7ms)
  Rendered layouts/_header.html.erb (0.8ms)
  Rendered layouts/_footer.html.erb (0.7ms)
Completed 200 OK in 46ms (Views: 44.7ms | ActiveRecord: 0.0ms)


Started GET "/signup" for ::1 at 2020-04-19 21:14:09 +1000
Processing by UsersController#new as HTML
  Rendering users/new.html.erb within layouts/application
  Rendered shared/_error_messages.html.erb (1.8ms)
  Rendered users/new.html.erb within layouts/application (13.8ms)
  Rendered layouts/_rails_default.html.erb (27.7ms)
  Rendered layouts/_shim.html.erb (0.3ms)
  Rendered layouts/_header.html.erb (0.6ms)
  Rendered layouts/_footer.html.erb (0.3ms)
Completed 200 OK in 55ms (Views: 52.3ms | ActiveRecord: 0.0ms)


Started GET "/" for ::1 at 2020-04-19 21:14:10 +1000
Processing by StaticPagesController#home as HTML
  Rendering static_pages/home.html within layouts/application
  Rendered static_pages/home.html within layouts/application (0.4ms)
  Rendered layouts/_rails_default.html.erb (43.5ms)
  Rendered layouts/_shim.html.erb (1.2ms)
  Rendered layouts/_header.html.erb (1.4ms)
  Rendered layouts/_footer.html.erb (0.9ms)
Completed 200 OK in 58ms (Views: 56.8ms | ActiveRecord: 0.0ms)


Started GET "/" for ::1 at 2020-04-19 21:14:26 +1000
Processing by StaticPagesController#home as HTML
  Rendering static_pages/home.html within layouts/application
  Rendered static_pages/home.html within layouts/application (0.7ms)
  Rendered layouts/_rails_default.html.erb (49.3ms)
  Rendered layouts/_shim.html.erb (0.7ms)
  Rendered layouts/_header.html.erb (1.4ms)
  Rendered layouts/_footer.html.erb (0.8ms)
Completed 200 OK in 68ms (Views: 65.2ms | ActiveRecord: 0.0ms)


Started GET "/" for ::1 at 2020-04-19 21:14:32 +1000
Processing by StaticPagesController#home as HTML
  Rendering static_pages/home.html within layouts/application
  Rendered static_pages/home.html within layouts/application (0.7ms)
  Rendered layouts/_rails_default.html.erb (45.4ms)
  Rendered layouts/_shim.html.erb (0.4ms)
  Rendered layouts/_header.html.erb (1.4ms)
  Rendered layouts/_footer.html.erb (0.8ms)
Completed 200 OK in 65ms (Views: 61.7ms | ActiveRecord: 0.0ms)


Started GET "/" for ::1 at 2020-04-19 21:14:37 +1000
Processing by StaticPagesController#home as HTML
  Rendering static_pages/home.html within layouts/application
  Rendered static_pages/home.html within layouts/application (0.5ms)
  Rendered layouts/_rails_default.html.erb (30.3ms)
  Rendered layouts/_shim.html.erb (0.7ms)
  Rendered layouts/_header.html.erb (1.1ms)
  Rendered layouts/_footer.html.erb (1.1ms)
Completed 200 OK in 45ms (Views: 43.2ms | ActiveRecord: 0.0ms)


Started GET "/" for ::1 at 2020-04-19 21:15:29 +1000
Processing by StaticPagesController#home as HTML
  Rendering static_pages/home.html within layouts/application
  Rendered static_pages/home.html within layouts/application (0.6ms)
  Rendered layouts/_rails_default.html.erb (34.0ms)
  Rendered layouts/_shim.html.erb (0.9ms)
  Rendered layouts/_header.html.erb (1.8ms)
Completed 500 Internal Server Error in 47ms (ActiveRecord: 0.0ms)


  
SyntaxError (/home/luca/RAD/news_app/app/views/layouts/_header.html.erb:12: syntax error, unexpected tIDENTIFIER, expecting ')'
...( link_to "<button type="button" class="btn btn-primary">Sig...
...                         ^~~~~~
/home/luca/RAD/news_app/app/views/layouts/_header.html.erb:12: syntax error, unexpected tIDENTIFIER, expecting ')'
...button type="button" class="btn btn-primary">Sign Up</button...
...                            ^~~
/home/luca/RAD/news_app/app/views/layouts/_header.html.erb:12: syntax error, unexpected tSTRING_BEG, expecting keyword_do or '{' or '('
...button" class="btn btn-primary">Sign Up</button>", signup_pa...
...                              ^
/home/luca/RAD/news_app/app/views/layouts/_header.html.erb:12: syntax error, unexpected ',', expecting ')'
...btn-primary">Sign Up</button>", signup_path );@output_buffer...
...                              ^):
  
app/views/layouts/_header.html.erb:12: syntax error, unexpected tIDENTIFIER, expecting ')'
app/views/layouts/_header.html.erb:12: syntax error, unexpected tIDENTIFIER, expecting ')'
app/views/layouts/_header.html.erb:12: syntax error, unexpected tSTRING_BEG, expecting keyword_do or '{' or '('
app/views/layouts/_header.html.erb:12: syntax error, unexpected ',', expecting ')'
app/views/layouts/application.html.erb:10:in `_app_views_layouts_application_html_erb__1703497338414135717_69866133645620'
Started GET "/" for ::1 at 2020-04-19 21:16:24 +1000
Processing by StaticPagesController#home as HTML
  Rendering static_pages/home.html within layouts/application
  Rendered static_pages/home.html within layouts/application (0.9ms)
  Rendered layouts/_rails_default.html.erb (39.2ms)
  Rendered layouts/_shim.html.erb (1.1ms)
  Rendered layouts/_header.html.erb (1.3ms)
Completed 500 Internal Server Error in 58ms (ActiveRecord: 0.0ms)


  
SyntaxError (/home/luca/RAD/news_app/app/views/layouts/_header.html.erb:13: syntax error, unexpected keyword_end
...eze;@output_buffer.append=( end );@output_buffer.safe_append...
...                            ^~~
/home/luca/RAD/news_app/app/views/layouts/_header.html.erb:19: syntax error, unexpected keyword_ensure, expecting ')'
          ensure
          ^~~~~~
/home/luca/RAD/news_app/app/views/layouts/_header.html.erb:21: syntax error, unexpected keyword_end, expecting ')'
          end
          ^~~):
  
app/views/layouts/_header.html.erb:13: syntax error, unexpected keyword_end
app/views/layouts/_header.html.erb:19: syntax error, unexpected keyword_ensure, expecting ')'
app/views/layouts/_header.html.erb:21: syntax error, unexpected keyword_end, expecting ')'
app/views/layouts/application.html.erb:10:in `_app_views_layouts_application_html_erb__1703497338414135717_69866032811300'
Started GET "/" for ::1 at 2020-04-19 21:16:32 +1000
Processing by StaticPagesController#home as HTML
  Rendering static_pages/home.html within layouts/application
  Rendered static_pages/home.html within layouts/application (0.4ms)
  Rendered layouts/_rails_default.html.erb (38.2ms)
  Rendered layouts/_shim.html.erb (0.5ms)
  Rendered layouts/_header.html.erb (2.5ms)
  Rendered layouts/_footer.html.erb (0.8ms)
Completed 200 OK in 53ms (Views: 50.8ms | ActiveRecord: 0.0ms)


Started GET "/" for ::1 at 2020-04-19 21:16:38 +1000
Processing by StaticPagesController#home as HTML
  Rendering static_pages/home.html within layouts/application
  Rendered static_pages/home.html within layouts/application (0.2ms)
  Rendered layouts/_rails_default.html.erb (17.5ms)
  Rendered layouts/_shim.html.erb (0.2ms)
  Rendered layouts/_header.html.erb (0.8ms)
  Rendered layouts/_footer.html.erb (0.4ms)
Completed 200 OK in 26ms (Views: 23.4ms | ActiveRecord: 0.0ms)


Started GET "/" for ::1 at 2020-04-19 21:17:48 +1000
Processing by StaticPagesController#home as HTML
  Rendering static_pages/home.html within layouts/application
  Rendered static_pages/home.html within layouts/application (0.4ms)
  Rendered layouts/_rails_default.html.erb (40.2ms)
  Rendered layouts/_shim.html.erb (0.7ms)
  Rendered layouts/_header.html.erb (1.4ms)
  Rendered layouts/_footer.html.erb (0.7ms)
Completed 200 OK in 54ms (Views: 52.5ms | ActiveRecord: 0.0ms)


Started GET "/Sign%20Up" for ::1 at 2020-04-19 21:17:50 +1000
  
ActionController::RoutingError (No route matches [GET] "/Sign%20Up"):
  
actionpack (5.1.7) lib/action_dispatch/middleware/debug_exceptions.rb:63:in `call'
web-console (3.7.0) lib/web_console/middleware.rb:135:in `call_app'
web-console (3.7.0) lib/web_console/middleware.rb:30:in `block in call'
web-console (3.7.0) lib/web_console/middleware.rb:20:in `catch'
web-console (3.7.0) lib/web_console/middleware.rb:20:in `call'
actionpack (5.1.7) lib/action_dispatch/middleware/show_exceptions.rb:31:in `call'
railties (5.1.7) lib/rails/rack/logger.rb:36:in `call_app'
railties (5.1.7) lib/rails/rack/logger.rb:24:in `block in call'
activesupport (5.1.7) lib/active_support/tagged_logging.rb:69:in `block in tagged'
activesupport (5.1.7) lib/active_support/tagged_logging.rb:26:in `tagged'
activesupport (5.1.7) lib/active_support/tagged_logging.rb:69:in `tagged'
railties (5.1.7) lib/rails/rack/logger.rb:24:in `call'
sprockets-rails (3.2.1) lib/sprockets/rails/quiet_assets.rb:13:in `call'
actionpack (5.1.7) lib/action_dispatch/middleware/remote_ip.rb:79:in `call'
actionpack (5.1.7) lib/action_dispatch/middleware/request_id.rb:25:in `call'
rack (2.2.2) lib/rack/method_override.rb:24:in `call'
rack (2.2.2) lib/rack/runtime.rb:22:in `call'
activesupport (5.1.7) lib/active_support/cache/strategy/local_cache_middleware.rb:27:in `call'
actionpack (5.1.7) lib/action_dispatch/middleware/executor.rb:12:in `call'
actionpack (5.1.7) lib/action_dispatch/middleware/static.rb:125:in `call'
rack (2.2.2) lib/rack/sendfile.rb:110:in `call'
railties (5.1.7) lib/rails/engine.rb:522:in `call'
puma (3.12.4) lib/puma/configuration.rb:227:in `call'
puma (3.12.4) lib/puma/server.rb:675:in `handle_request'
puma (3.12.4) lib/puma/server.rb:476:in `process_client'
puma (3.12.4) lib/puma/server.rb:334:in `block in run'
puma (3.12.4) lib/puma/thread_pool.rb:135:in `block in spawn_thread'
Started GET "/" for ::1 at 2020-04-19 21:17:58 +1000
Processing by StaticPagesController#home as HTML
  Rendering static_pages/home.html within layouts/application
  Rendered static_pages/home.html within layouts/application (0.5ms)
  Rendered layouts/_rails_default.html.erb (25.1ms)
  Rendered layouts/_shim.html.erb (0.3ms)
  Rendered layouts/_header.html.erb (0.9ms)
  Rendered layouts/_footer.html.erb (0.5ms)
Completed 200 OK in 37ms (Views: 35.2ms | ActiveRecord: 0.0ms)


Started GET "/" for ::1 at 2020-04-19 21:18:19 +1000
Processing by StaticPagesController#home as HTML
  Rendering static_pages/home.html within layouts/application
  Rendered static_pages/home.html within layouts/application (0.6ms)
  Rendered layouts/_rails_default.html.erb (34.7ms)
  Rendered layouts/_shim.html.erb (1.2ms)
  Rendered layouts/_header.html.erb (1.6ms)
  Rendered layouts/_footer.html.erb (0.5ms)
Completed 200 OK in 51ms (Views: 49.5ms | ActiveRecord: 0.0ms)


Started GET "/signup" for ::1 at 2020-04-19 21:18:20 +1000
Processing by UsersController#new as HTML
  Rendering users/new.html.erb within layouts/application
  Rendered shared/_error_messages.html.erb (0.6ms)
  Rendered users/new.html.erb within layouts/application (5.2ms)
  Rendered layouts/_rails_default.html.erb (35.7ms)
  Rendered layouts/_shim.html.erb (0.6ms)
  Rendered layouts/_header.html.erb (1.3ms)
  Rendered layouts/_footer.html.erb (0.4ms)
Completed 200 OK in 53ms (Views: 51.7ms | ActiveRecord: 0.0ms)


Started GET "/" for ::1 at 2020-04-19 21:18:21 +1000
Processing by StaticPagesController#home as HTML
  Rendering static_pages/home.html within layouts/application
  Rendered static_pages/home.html within layouts/application (1.2ms)
  Rendered layouts/_rails_default.html.erb (41.9ms)
  Rendered layouts/_shim.html.erb (0.5ms)
  Rendered layouts/_header.html.erb (0.7ms)
  Rendered layouts/_footer.html.erb (0.8ms)
Completed 200 OK in 60ms (Views: 57.0ms | ActiveRecord: 0.0ms)


Started GET "/" for ::1 at 2020-04-19 21:18:42 +1000
Processing by StaticPagesController#home as HTML
  Rendering static_pages/home.html within layouts/application
  Rendered static_pages/home.html within layouts/application (0.7ms)
  Rendered layouts/_rails_default.html.erb (52.0ms)
  Rendered layouts/_shim.html.erb (0.7ms)
  Rendered layouts/_header.html.erb (1.5ms)
  Rendered layouts/_footer.html.erb (0.7ms)
Completed 200 OK in 72ms (Views: 68.9ms | ActiveRecord: 0.0ms)


Started GET "/signup" for ::1 at 2020-04-19 21:18:53 +1000
Processing by UsersController#new as HTML
  Rendering users/new.html.erb within layouts/application
  Rendered shared/_error_messages.html.erb (1.7ms)
  Rendered users/new.html.erb within layouts/application (13.4ms)
  Rendered layouts/_rails_default.html.erb (29.1ms)
  Rendered layouts/_shim.html.erb (0.5ms)
  Rendered layouts/_header.html.erb (0.7ms)
  Rendered layouts/_footer.html.erb (0.3ms)
Completed 200 OK in 58ms (Views: 55.1ms | ActiveRecord: 0.0ms)


Started GET "/" for ::1 at 2020-04-19 21:19:40 +1000
Processing by StaticPagesController#home as HTML
  Rendering static_pages/home.html within layouts/application
  Rendered static_pages/home.html within layouts/application (0.6ms)
  Rendered layouts/_rails_default.html.erb (36.7ms)
  Rendered layouts/_shim.html.erb (0.2ms)
  Rendered layouts/_header.html.erb (0.6ms)
  Rendered layouts/_footer.html.erb (0.6ms)
Completed 200 OK in 48ms (Views: 46.3ms | ActiveRecord: 0.0ms)


